Warning: Permanently added 'login02,172.21.0.23' (ECDSA) to the list of known hosts.
[I 15:40:39.775 NotebookApp] [nb_conda_kernels] enabled, 9 kernels found
[I 15:40:40.898 NotebookApp] [nb_anacondacloud] enabled
[I 15:40:40.932 NotebookApp] [nb_conda] enabled
[I 15:40:41.311 NotebookApp] \u2713 nbpresent HTML export ENABLED
[W 15:40:41.311 NotebookApp] \u2717 nbpresent PDF export DISABLED: No module named 'nbbrowserpdf'
[I 15:40:41.316 NotebookApp] Serving notebooks from local directory: /home/ekatzolo/scripts
[I 15:40:41.316 NotebookApp] 0 active kernels 
[I 15:40:41.316 NotebookApp] The Jupyter Notebook is running at: http://localhost:18436/?token=1891a89fff3db5d1059b38d49ae8f3e53b591caa25e24d8d
[I 15:40:41.316 NotebookApp] Use Control-C to stop this server and shut down all kernels (twice to skip confirmation).
[C 15:40:41.318 NotebookApp] 
    
    Copy/paste this URL into your browser when you connect for the first time,
    to login with a token:
        http://localhost:18436/?token=1891a89fff3db5d1059b38d49ae8f3e53b591caa25e24d8d
[I 15:42:08.126 NotebookApp] 302 GET /?token=1891a89fff3db5d1059b38d49ae8f3e53b591caa25e24d8d (::1) 0.89ms
srun: Job step aborted: Waiting up to 32 seconds for job step to finish.
slurmstepd: error: *** STEP 24826856.0 ON cs-f14c01b07 CANCELLED AT 2022-11-01T15:42:28 ***
[C 15:42:28.939 NotebookApp] received signal 15, stopping
[I 15:42:28.942 NotebookApp] Shutting down kernels
slurmstepd: error: *** JOB 24826856 ON cs-f14c01b07 CANCELLED AT 2022-11-01T15:42:28 ***
